
[2023-07-14T12:15:19.020Z] Getting status...

[2023-07-14T12:15:19.792Z] resolve provider templated is ready.

[2023-07-14T12:15:19.797Z] resolve provider exec is ready.

[2023-07-14T12:15:19.801Z] resolve provider container is ready.

[2023-07-14T12:15:19.806Z] resolve provider pulumi is ready.

[2023-07-14T12:15:19.810Z] resolve provider jib is ready.

[2023-07-14T12:15:19.821Z] resolve provider kubernetes is ready.

[2023-07-14T12:15:19.824Z] Cached (took 0.8 sec)

[2023-07-14T12:15:19.825Z] Run with --force-refresh to force a refresh of provider statuses.

[2023-07-14T12:15:19.825Z] Resolving actions and modules...

[2023-07-14T12:15:20.000Z] Scanning module spring-boot-image root at /home/workstation/thx/workspace/garden-sample-project/garden-sample-project/spring-boot
  → Includes: ./**/pom.xml,./**/src/**/*,pom.xml
  → Excludes: **/.garden/**/*

[2023-07-14T12:15:20.094Z] Found 3 files in module spring-boot-image root /home/workstation/thx/workspace/garden-sample-project/garden-sample-project/spring-boot

[2023-07-14T12:15:20.188Z] Scanning module spring-boot-service root at /home/workstation/thx/workspace/garden-sample-project/garden-sample-project/spring-boot
  → Includes: ./*/config/*.xml,./*/config/application-gcp-dev.properties,./*/config/application-gcp.properties,./*/secrets/dev/**,./deployment/config/common.yaml,deployment/config/dev.yaml
  → Excludes: spring-boot,**/.garden/**/*

[2023-07-14T12:15:20.260Z] Found 2 files in module spring-boot-service root /home/workstation/thx/workspace/garden-sample-project/garden-sample-project/spring-boot

[2023-07-14T12:15:20.264Z] Converting jib-container module spring-boot-image to actions

[2023-07-14T12:15:20.264Z] Converting pulumi module spring-boot-service to actions

[2023-07-14T12:15:20.267Z] Module spring-boot-service converted to 1 action(s)

[2023-07-14T12:15:20.268Z] Module spring-boot-image converted to 1 action(s)

[2023-07-14T12:15:20.291Z] Scanning Deploy action spring-boot-service root at /home/workstation/thx/workspace/garden-sample-project/garden-sample-project/spring-boot
  → Includes: (none)
  → Excludes: **/.garden/**/*

[2023-07-14T12:15:20.859Z] Found 17 files in Deploy action spring-boot-service root /home/workstation/thx/workspace/garden-sample-project/garden-sample-project/spring-boot

[2023-07-14T12:15:21.621Z] Done (took 1.8 sec)

[2023-07-14T12:15:21.958Z] resolve Build type=jib-container name=spring-boot-image (from module spring-boot-image) is ready.

[2023-07-14T12:15:23.908Z] Kubernetes: Getting API resource info for group v1

[2023-07-14T12:15:26.646Z] Upserting Secret thx-sample-project-thx/registry-config

[2023-07-14T12:15:28.494Z] Replaced Secret thx-sample-project-thx/registry-config

[2023-07-14T12:15:28.496Z] Kubernetes: Getting API resource info for group apps/v1

[2023-07-14T12:15:30.328Z] Getting currently deployed resource statuses...

[2023-07-14T12:15:30.329Z] Comparing expected and deployed resources...

[2023-07-14T12:15:30.331Z] Resource garden-util is not a superset of deployed resource

[2023-07-14T12:15:30.337Z] -> Deploying garden-util service in thx-sample-project-thx namespace (was outdated)

[2023-07-14T12:15:30.337Z] Upserting Deployment thx-sample-project-thx/garden-util

[2023-07-14T12:15:32.196Z] Replaced Deployment thx-sample-project-thx/garden-util

[2023-07-14T12:15:32.197Z] Upserting Service thx-sample-project-thx/garden-util

[2023-07-14T12:15:34.009Z] Patched Service thx-sample-project-thx/garden-util

[2023-07-14T12:15:34.009Z] Waiting for resources to be ready...

[2023-07-14T12:15:36.903Z] Status of Deployment garden-util is "ready"

[2023-07-14T12:15:36.903Z] Status of Service garden-util is "ready"

[2023-07-14T12:15:36.903Z] Resources ready

[2023-07-14T12:15:36.904Z] Done!

[2023-07-14T12:15:39.652Z] Execing command in thx-sample-project-thx/Pod/garden-util-6c5668d4bc-gvl5d/util: sh -c skopeo --command-timeout=30s inspect --raw --authfile /.docker/config.json docker://us-docker.pkg.dev/th-thx-common-46f5/thx-prod-docker-repo/spring-boot-image:v-e5b98fbac9

[2023-07-14T12:15:43.184Z] Syncing sources (3 files)...

[2023-07-14T12:15:43.186Z] Syncing 3 files from spring-boot to .garden/build/spring-boot-image (and removing any extraneous files)

[2023-07-14T12:15:43.193Z] Done syncing sources (took 21.3 sec)

[2023-07-14T12:15:43.196Z] The JDK path hasn't been specified explicitly. JDK 8 will be used by default.

[2023-07-14T12:15:43.198Z] Using JAVA_HOME=/home/workstation/.garden/tools/openjdk-8/bb0d8bd282be6d11/jdk8u292-b10

[2023-07-14T12:15:43.199Z] The Maven binary hasn't been specified explicitly. Maven 3.8.8 will be used by default.

[2023-07-14T12:15:43.199Z] Execing /home/workstation/.garden/tools/maven/cd3b803db0ebc2c5/apache-maven-3.8.8/bin/mvn clean package jib:build -Djib.to.image=us-docker.pkg.dev/th-thx-common-46f5/thx-prod-docker-repo/spring-boot-image:v-e5b98fbac9 -Djib.container.args=GARDEN_MODULE_VERSION=v-e5b98fbac9,GARDEN_ACTION_VERSION=v-e5b98fbac9 -Dstyle.color=always -Djansi.passthrough=true -Djib.console=plain -Djib.useOnlyProjectCache=false -Djib.from.image=us-docker.pkg.dev/th-thx-common-46f5/thx-prod-docker-repo//eclipse-temurin:8u345-b01-jre-ubuntu23 -nsu -Dtransitive=false

[2023-07-14T12:15:44.120Z] [maven] [INFO] Scanning for projects...

[2023-07-14T12:15:44.305Z] [maven] [INFO] 

[2023-07-14T12:15:44.306Z] [maven] [INFO] ------------------< example:spring-boot-k8s-example >-------------------

[2023-07-14T12:15:44.307Z] [maven] [INFO] Building spring-boot-k8s-example 0.1.0

[2023-07-14T12:15:44.308Z] [maven] [INFO]   from pom.xml

[2023-07-14T12:15:44.308Z] [maven] [INFO] --------------------------------[ jar ]---------------------------------

[2023-07-14T12:15:44.585Z] [maven] [INFO] 

[2023-07-14T12:15:44.586Z] [maven] [INFO] --- maven-clean-plugin:3.1.0:clean (default-clean) @ spring-boot-k8s-example ---

[2023-07-14T12:15:44.683Z] [maven] [INFO] Deleting /home/workstation/thx/workspace/garden-sample-project/garden-sample-project/spring-boot/target

[2023-07-14T12:15:44.700Z] [maven] [INFO] 

[2023-07-14T12:15:44.701Z] [maven] [INFO] --- maven-resources-plugin:3.1.0:resources (default-resources) @ spring-boot-k8s-example ---

[2023-07-14T12:15:44.897Z] [maven] [INFO] Using 'UTF-8' encoding to copy filtered resources.

[2023-07-14T12:15:44.898Z] [maven] [INFO] skip non existing resourceDirectory /home/workstation/thx/workspace/garden-sample-project/garden-sample-project/spring-boot/src/main/resources

[2023-07-14T12:15:44.899Z] [maven] [INFO] skip non existing resourceDirectory /home/workstation/thx/workspace/garden-sample-project/garden-sample-project/spring-boot/src/main/resources

[2023-07-14T12:15:44.899Z] [maven] [INFO] 

[2023-07-14T12:15:44.900Z] [maven] [INFO] --- maven-compiler-plugin:3.8.1:compile (default-compile) @ spring-boot-k8s-example ---

[2023-07-14T12:15:45.045Z] [maven] [INFO] Changes detected - recompiling the module!

[2023-07-14T12:15:45.052Z] [maven] [INFO] Compiling 2 source files to /home/workstation/thx/workspace/garden-sample-project/garden-sample-project/spring-boot/target/classes

[2023-07-14T12:15:45.532Z] [maven] [INFO] 

[2023-07-14T12:15:45.533Z] [maven] [INFO] --- maven-resources-plugin:3.1.0:testResources (default-testResources) @ spring-boot-k8s-example ---

[2023-07-14T12:15:45.537Z] [maven] [INFO] Using 'UTF-8' encoding to copy filtered resources.

[2023-07-14T12:15:45.538Z] [maven] [INFO] skip non existing resourceDirectory /home/workstation/thx/workspace/garden-sample-project/garden-sample-project/spring-boot/src/test/resources

[2023-07-14T12:15:45.539Z] [maven] [INFO] 

[2023-07-14T12:15:45.540Z] [maven] [INFO] --- maven-compiler-plugin:3.8.1:testCompile (default-testCompile) @ spring-boot-k8s-example ---

[2023-07-14T12:15:45.543Z] [maven] [INFO] No sources to compile

[2023-07-14T12:15:45.544Z] [maven] [INFO] 

[2023-07-14T12:15:45.544Z] [maven] [INFO] --- maven-surefire-plugin:2.22.2:test (default-test) @ spring-boot-k8s-example ---

[2023-07-14T12:15:45.657Z] [maven] [INFO] No tests to run.

[2023-07-14T12:15:45.671Z] [maven] [INFO] 

[2023-07-14T12:15:45.672Z] [maven] [INFO] --- maven-jar-plugin:3.1.2:jar (default-jar) @ spring-boot-k8s-example ---

[2023-07-14T12:15:45.851Z] [maven] [INFO] Building jar: /home/workstation/thx/workspace/garden-sample-project/garden-sample-project/spring-boot/target/spring-boot-k8s-example-0.1.0.jar

[2023-07-14T12:15:45.878Z] [maven] [INFO] 

[2023-07-14T12:15:45.879Z] [maven] [INFO] --- jib-maven-plugin:3.1.4:build (default-cli) @ spring-boot-k8s-example ---

[2023-07-14T12:15:46.693Z] [maven] [INFO] 

[2023-07-14T12:15:46.694Z] [maven] [INFO] ------------------------------------------------------------------------

[2023-07-14T12:15:46.695Z] [maven] [INFO] BUILD FAILURE

[2023-07-14T12:15:46.696Z] [maven] [INFO] ------------------------------------------------------------------------

[2023-07-14T12:15:46.698Z] [maven] [INFO] Total time:  2.597 s

[2023-07-14T12:15:46.699Z] [maven] [INFO] Finished at: 2023-07-14T12:15:46Z

[2023-07-14T12:15:46.700Z] [maven] [INFO] ------------------------------------------------------------------------

[2023-07-14T12:15:46.701Z] [maven] [ERROR] Failed to execute goal com.google.cloud.tools:jib-maven-plugin:3.1.4:build (default-cli) on project spring-boot-k8s-example: Invalid image reference us-docker.pkg.dev/th-thx-common-46f5/thx-prod-docker-repo//eclipse-temurin:8u345-b01-jre-ubuntu23, perhaps you should check that the reference is formatted correctly according to https://docs.docker.com/engine/reference/commandline/tag/#extended-description

[2023-07-14T12:15:46.701Z] [maven] [ERROR] For example, slash-separated name components cannot have uppercase letters: Invalid image reference: us-docker.pkg.dev/th-thx-common-46f5/thx-prod-docker-repo//eclipse-temurin:8u345-b01-jre-ubuntu23

[2023-07-14T12:15:46.702Z] [maven] [ERROR] -> [Help 1]

[2023-07-14T12:15:46.703Z] [maven] [ERROR] 

[2023-07-14T12:15:46.706Z] [maven] [ERROR] To see the full stack trace of the errors, re-run Maven with the -e switch.

[2023-07-14T12:15:46.707Z] [maven] [ERROR] Re-run Maven using the -X switch to enable full debug logging.

[2023-07-14T12:15:46.707Z] [maven] [ERROR] 

[2023-07-14T12:15:46.707Z] [maven] [ERROR] For more information about the errors and possible solutions, please read the following articles:

[2023-07-14T12:15:46.708Z] [maven] [ERROR] [Help 1] http://cwiki.apache.org/confluence/display/MAVEN/MojoExecutionException

[2023-07-14T12:15:46.788Z] Build failed (took 24.9 sec)

[2023-07-14T12:15:46.827Z] Done flushing all events and log entries.

[2023-07-14T12:15:46.878Z] Watcher: Initializing

[2023-07-14T12:15:46.879Z] Watcher: Starting FSWatcher

[2023-07-14T12:15:47.845Z] 

1 build action(s) failed!

[2023-07-14T12:15:47.855Z] 
See .garden/error.log for detailed error message
