
[2023-07-14T12:08:28.803Z] Getting status...

[2023-07-14T12:08:29.565Z] resolve provider templated is ready.

[2023-07-14T12:08:29.571Z] resolve provider exec is ready.

[2023-07-14T12:08:29.576Z] resolve provider container is ready.

[2023-07-14T12:08:29.581Z] resolve provider pulumi is ready.

[2023-07-14T12:08:29.593Z] resolve provider jib is ready.

[2023-07-14T12:08:29.603Z] resolve provider kubernetes is ready.

[2023-07-14T12:08:29.606Z] Cached (took 0.8 sec)

[2023-07-14T12:08:29.607Z] Run with --force-refresh to force a refresh of provider statuses.

[2023-07-14T12:08:29.607Z] Resolving actions and modules...

[2023-07-14T12:08:29.758Z] Scanning module spring-boot-publish-image root at /home/workstation/thx/workspace/garden-sample-project/garden-sample-project/spring-boot
  → Includes: ./**/pom.xml,./**/src/**/*,pom.xml
  → Excludes: **/.garden/**/*

[2023-07-14T12:08:29.848Z] Found 3 files in module spring-boot-publish-image root /home/workstation/thx/workspace/garden-sample-project/garden-sample-project/spring-boot

[2023-07-14T12:08:29.925Z] Scanning module spring-boot-service root at /home/workstation/thx/workspace/garden-sample-project/garden-sample-project/spring-boot
  → Includes: ./*/config/*.xml,./*/config/application-gcp-dev.properties,./*/config/application-gcp.properties,./*/secrets/dev/**,./deployment/config/common.yaml,deployment/config/dev.yaml
  → Excludes: spring-boot,**/.garden/**/*

[2023-07-14T12:08:29.991Z] Found 2 files in module spring-boot-service root /home/workstation/thx/workspace/garden-sample-project/garden-sample-project/spring-boot

[2023-07-14T12:08:29.996Z] Converting jib-container module spring-boot-publish-image to actions

[2023-07-14T12:08:29.996Z] Converting pulumi module spring-boot-service to actions

[2023-07-14T12:08:29.999Z] Module spring-boot-service converted to 1 action(s)

[2023-07-14T12:08:30.000Z] Module spring-boot-publish-image converted to 1 action(s)

[2023-07-14T12:08:30.030Z] Scanning Deploy action spring-boot-service root at /home/workstation/thx/workspace/garden-sample-project/garden-sample-project/spring-boot
  → Includes: (none)
  → Excludes: **/.garden/**/*

[2023-07-14T12:08:30.654Z] Found 17 files in Deploy action spring-boot-service root /home/workstation/thx/workspace/garden-sample-project/garden-sample-project/spring-boot

[2023-07-14T12:08:31.400Z] Done (took 1.8 sec)

[2023-07-14T12:08:31.712Z] resolve Deploy type=pulumi name=spring-boot-service (from module spring-boot-service) is ready.

[2023-07-14T12:08:31.716Z] outdated

[2023-07-14T12:08:31.718Z] Deploying version v-7934ab101c...

[2023-07-14T12:08:31.753Z] Failed (took 0 sec)

[2023-07-14T12:08:31.785Z] Done flushing all events and log entries.

[2023-07-14T12:08:31.837Z] Watcher: Initializing

[2023-07-14T12:08:31.837Z] Watcher: Starting FSWatcher

[2023-07-14T12:08:32.761Z] 

1 deploy action(s) failed!

[2023-07-14T12:08:32.767Z] 
See .garden/error.log for detailed error message
