
[2023-07-14T12:22:46.424Z] Getting status...

[2023-07-14T12:22:47.198Z] resolve provider templated is ready.

[2023-07-14T12:22:47.202Z] resolve provider exec is ready.

[2023-07-14T12:22:47.206Z] resolve provider container is ready.

[2023-07-14T12:22:47.213Z] resolve provider pulumi is ready.

[2023-07-14T12:22:47.219Z] resolve provider jib is ready.

[2023-07-14T12:22:47.236Z] resolve provider kubernetes is ready.

[2023-07-14T12:22:47.240Z] Cached (took 0.8 sec)

[2023-07-14T12:22:47.241Z] Run with --force-refresh to force a refresh of provider statuses.

[2023-07-14T12:22:47.242Z] Resolving actions and modules...

[2023-07-14T12:22:47.436Z] Scanning module spring-boot-image root at /home/workstation/thx/workspace/garden-sample-project/garden-sample-project/spring-boot
  → Includes: ./**/pom.xml,./**/src/**/*,pom.xml
  → Excludes: **/.garden/**/*

[2023-07-14T12:22:47.540Z] Found 3 files in module spring-boot-image root /home/workstation/thx/workspace/garden-sample-project/garden-sample-project/spring-boot

[2023-07-14T12:22:47.637Z] Scanning module spring-boot-service root at /home/workstation/thx/workspace/garden-sample-project/garden-sample-project/spring-boot
  → Includes: ./*/config/*.xml,./*/config/application-gcp-dev.properties,./*/config/application-gcp.properties,./*/secrets/dev/**,./deployment/config/common.yaml,deployment/config/dev.yaml
  → Excludes: spring-boot,**/.garden/**/*

[2023-07-14T12:22:47.717Z] Found 2 files in module spring-boot-service root /home/workstation/thx/workspace/garden-sample-project/garden-sample-project/spring-boot

[2023-07-14T12:22:47.722Z] Converting jib-container module spring-boot-image to actions

[2023-07-14T12:22:47.722Z] Converting pulumi module spring-boot-service to actions

[2023-07-14T12:22:47.726Z] Module spring-boot-service converted to 1 action(s)

[2023-07-14T12:22:47.726Z] Module spring-boot-image converted to 1 action(s)

[2023-07-14T12:22:47.755Z] Scanning Deploy action spring-boot-service root at /home/workstation/thx/workspace/garden-sample-project/garden-sample-project/spring-boot
  → Includes: (none)
  → Excludes: **/.garden/**/*

[2023-07-14T12:22:48.767Z] Found 17 files in Deploy action spring-boot-service root /home/workstation/thx/workspace/garden-sample-project/garden-sample-project/spring-boot

[2023-07-14T12:22:49.573Z] Done (took 2.3 sec)

[2023-07-14T12:22:49.833Z] resolve Deploy type=pulumi name=spring-boot-service (from module spring-boot-service) is ready.

[2023-07-14T12:22:49.837Z] outdated

[2023-07-14T12:22:49.840Z] Deploying version v-7934ab101c...

[2023-07-14T12:22:49.861Z] merging config for action spring-boot-service

[2023-07-14T12:22:49.862Z] pulumiVariables from action: {}

[2023-07-14T12:22:49.862Z] varfileContents: [
  {
    "thx-sharedServices-spring-boot:app-name": "spring-boot",
    "thx-sharedServices-spring-boot:image-name": "spring-boot-image",
    "thx-sharedServices-spring-boot:app-version": "v-51e9748a55"
  },
  {
    "thx-sharedServices-spring-boot:springProfiles": "gcp,gcp-dev",
    "thx-sharedServices-spring-boot:appName": "spring-boot",
    "thx-sharedServices-spring-boot:namespace": "thx",
    "thx-sharedServices-spring-boot:dockerRepoUrl": "us-docker.pkg.dev/th-thx-common-46f5/thx-prod-docker-repo"
  },
  {
    "thx-sharedServices-spring-boot:replicas": 1
  }
]

[2023-07-14T12:22:49.863Z] merged vars: {
  "thx-sharedServices-spring-boot:app-name": "spring-boot",
  "thx-sharedServices-spring-boot:image-name": "spring-boot-image",
  "thx-sharedServices-spring-boot:app-version": "v-51e9748a55",
  "thx-sharedServices-spring-boot:springProfiles": "gcp,gcp-dev",
  "thx-sharedServices-spring-boot:appName": "spring-boot",
  "thx-sharedServices-spring-boot:namespace": "thx",
  "thx-sharedServices-spring-boot:dockerRepoUrl": "us-docker.pkg.dev/th-thx-common-46f5/thx-prod-docker-repo",
  "thx-sharedServices-spring-boot:replicas": 1
}

[2023-07-14T12:22:49.863Z] merged config (written to /home/workstation/thx/workspace/garden-sample-project/garden-sample-project/spring-boot/deployment/pulumi/Pulumi.dev.yaml): {
  "config": {
    "thx-sharedServices-spring-boot:app-name": "spring-boot",
    "thx-sharedServices-spring-boot:image-name": "spring-boot-image",
    "thx-sharedServices-spring-boot:app-version": "v-51e9748a55",
    "thx-sharedServices-spring-boot:springProfiles": "gcp,gcp-dev",
    "thx-sharedServices-spring-boot:appName": "spring-boot",
    "thx-sharedServices-spring-boot:namespace": "thx",
    "thx-sharedServices-spring-boot:dockerRepoUrl": "us-docker.pkg.dev/th-thx-common-46f5/thx-prod-docker-repo",
    "thx-sharedServices-spring-boot:replicas": 1
  },
  "backend": {
    "url": "https://api.pulumi.com"
  }
}

[2023-07-14T12:22:49.875Z] Spawning '/home/workstation/.garden/tools/pulumi-3-64-0/0a94b984fa69df6c/pulumi/pulumi stack select telushealth/dev --create' in /home/workstation/thx/workspace/garden-sample-project/garden-sample-project/spring-boot/deployment/pulumi

[2023-07-14T12:22:51.305Z] Applying pulumi stack...

[2023-07-14T12:22:51.306Z] Spawning '/home/workstation/.garden/tools/pulumi-3-64-0/0a94b984fa69df6c/pulumi/pulumi up --yes --color always --config-file /home/workstation/thx/workspace/garden-sample-project/garden-sample-project/spring-boot/deployment/pulumi/Pulumi.dev.yaml' in /home/workstation/thx/workspace/garden-sample-project/garden-sample-project/spring-boot/deployment/pulumi

[2023-07-14T12:22:52.714Z] [pulumi-3-64-0] Previewing update (telushealth/dev)

[2023-07-14T12:22:54.743Z] [pulumi-3-64-0] View Live: https://app.pulumi.com/telushealth/thx-sharedServices-spring-boot/dev/previews/75639559-858d-42e8-9e7c-687d427b774f

[2023-07-14T12:22:56.071Z] [pulumi-3-64-0] @ Previewing update....

[2023-07-14T12:22:56.072Z] [pulumi-3-64-0]     pulumi:pulumi:Stack thx-sharedServices-spring-boot-dev running 

[2023-07-14T12:22:56.373Z] [pulumi-3-64-0]     thx:service:ThxrestService spring-boot  

[2023-07-14T12:22:56.373Z] [pulumi-3-64-0]     pulumi:pulumi:Stack thx-sharedServices-spring-boot-dev running read pulumi:pulumi:StackReference telushealth/thx-gke/dev

[2023-07-14T12:22:57.674Z] [pulumi-3-64-0] @ Previewing update....

[2023-07-14T12:22:57.675Z] [pulumi-3-64-0]     pulumi:pulumi:Stack thx-sharedServices-spring-boot-dev running read pulumi:pulumi:StackReference telushealth/thx-gke/dev

[2023-07-14T12:22:57.745Z] [pulumi-3-64-0] @ Previewing update....

[2023-07-14T12:22:57.746Z] [pulumi-3-64-0]     pulumi:providers:kubernetes k8s  

[2023-07-14T12:22:58.083Z] [pulumi-3-64-0]     kubernetes:apps/v1:Deployment spring-boot  

[2023-07-14T12:22:58.108Z] [pulumi-3-64-0]     pulumi:pulumi:Stack thx-sharedServices-spring-boot-dev  

[2023-07-14T12:22:58.108Z] [pulumi-3-64-0] Resources:

[2023-07-14T12:22:58.109Z] [pulumi-3-64-0]     4 unchanged

[2023-07-14T12:22:58.897Z] [pulumi-3-64-0] Updating (telushealth/dev)

[2023-07-14T12:23:00.386Z] [pulumi-3-64-0] View Live: https://app.pulumi.com/telushealth/thx-sharedServices-spring-boot/dev/updates/7

[2023-07-14T12:23:01.531Z] [pulumi-3-64-0] @ Updating....

[2023-07-14T12:23:01.531Z] [pulumi-3-64-0]     pulumi:pulumi:Stack thx-sharedServices-spring-boot-dev running 

[2023-07-14T12:23:04.066Z] [pulumi-3-64-0] @ Updating.....

[2023-07-14T12:23:04.068Z] [pulumi-3-64-0]     thx:service:ThxrestService spring-boot  

[2023-07-14T12:23:04.068Z] [pulumi-3-64-0]     pulumi:pulumi:Stack thx-sharedServices-spring-boot-dev running read pulumi:pulumi:StackReference telushealth/thx-gke/dev

[2023-07-14T12:23:05.601Z] [pulumi-3-64-0] @ Updating.....

[2023-07-14T12:23:05.602Z] [pulumi-3-64-0]     pulumi:pulumi:Stack thx-sharedServices-spring-boot-dev running read pulumi:pulumi:StackReference telushealth/thx-gke/dev

[2023-07-14T12:23:06.781Z] [pulumi-3-64-0] @ Updating....

[2023-07-14T12:23:06.782Z] [pulumi-3-64-0]     pulumi:providers:kubernetes k8s  

[2023-07-14T12:23:06.795Z] [pulumi-3-64-0]     kubernetes:apps/v1:Deployment spring-boot  

[2023-07-14T12:23:06.820Z] [pulumi-3-64-0]     pulumi:pulumi:Stack thx-sharedServices-spring-boot-dev  

[2023-07-14T12:23:06.821Z] [pulumi-3-64-0] Resources:

[2023-07-14T12:23:06.822Z] [pulumi-3-64-0]     4 unchanged

[2023-07-14T12:23:06.822Z] [pulumi-3-64-0] Duration: 7s

[2023-07-14T12:23:11.242Z] stack outputs for spring-boot-service: {}

[2023-07-14T12:23:11.244Z] Done (took 21.4 sec)

[2023-07-14T12:23:11.244Z] Deploy type=pulumi name=spring-boot-service (from module spring-boot-service) is ready.

[2023-07-14T12:23:11.300Z] Done! 

[2023-07-14T12:23:11.302Z] Done flushing all events and log entries.

[2023-07-14T12:23:11.354Z] Watcher: Initializing

[2023-07-14T12:23:11.354Z] Watcher: Starting FSWatcher
