
[2023-07-14T12:09:14.696Z] Getting status...

[2023-07-14T12:09:15.558Z] resolve provider exec is ready.

[2023-07-14T12:09:15.563Z] resolve provider container is ready.

[2023-07-14T12:09:15.571Z] resolve provider templated is ready.

[2023-07-14T12:09:15.574Z] resolve provider pulumi is ready.

[2023-07-14T12:09:15.586Z] resolve provider jib is ready.

[2023-07-14T12:09:15.597Z] resolve provider kubernetes is ready.

[2023-07-14T12:09:15.601Z] Cached (took 0.9 sec)

[2023-07-14T12:09:15.601Z] Run with --force-refresh to force a refresh of provider statuses.

[2023-07-14T12:09:15.602Z] Resolving actions and modules...

[2023-07-14T12:09:15.775Z] Scanning module spring-boot-publish-image root at /home/workstation/thx/workspace/garden-sample-project/garden-sample-project/spring-boot
  → Includes: ./**/pom.xml,./**/src/**/*,pom.xml
  → Excludes: **/.garden/**/*

[2023-07-14T12:09:15.875Z] Found 3 files in module spring-boot-publish-image root /home/workstation/thx/workspace/garden-sample-project/garden-sample-project/spring-boot

[2023-07-14T12:09:15.976Z] Scanning module spring-boot-service root at /home/workstation/thx/workspace/garden-sample-project/garden-sample-project/spring-boot
  → Includes: ./*/config/*.xml,./*/config/application-gcp-dev.properties,./*/config/application-gcp.properties,./*/secrets/dev/**,./deployment/config/common.yaml,deployment/config/dev.yaml
  → Excludes: spring-boot,**/.garden/**/*

[2023-07-14T12:09:16.050Z] Found 2 files in module spring-boot-service root /home/workstation/thx/workspace/garden-sample-project/garden-sample-project/spring-boot

[2023-07-14T12:09:16.055Z] Converting jib-container module spring-boot-publish-image to actions

[2023-07-14T12:09:16.055Z] Converting pulumi module spring-boot-service to actions

[2023-07-14T12:09:16.059Z] Module spring-boot-service converted to 1 action(s)

[2023-07-14T12:09:16.059Z] Module spring-boot-publish-image converted to 1 action(s)

[2023-07-14T12:09:16.093Z] Scanning Deploy action spring-boot-service root at /home/workstation/thx/workspace/garden-sample-project/garden-sample-project/spring-boot
  → Includes: (none)
  → Excludes: **/.garden/**/*

[2023-07-14T12:09:17.111Z] Found 17 files in Deploy action spring-boot-service root /home/workstation/thx/workspace/garden-sample-project/garden-sample-project/spring-boot

[2023-07-14T12:09:17.910Z] Done (took 2.3 sec)

[2023-07-14T12:09:18.168Z] resolve Deploy type=pulumi name=spring-boot-service (from module spring-boot-service) is ready.

[2023-07-14T12:09:18.173Z] outdated

[2023-07-14T12:09:18.176Z] Deploying version v-7934ab101c...

[2023-07-14T12:09:18.220Z] Failed (took 0 sec)

[2023-07-14T12:09:18.256Z] Done flushing all events and log entries.

[2023-07-14T12:09:18.307Z] Watcher: Initializing

[2023-07-14T12:09:18.308Z] Watcher: Starting FSWatcher

[2023-07-14T12:09:19.237Z] 

1 deploy action(s) failed!

[2023-07-14T12:09:19.245Z] 
See .garden/error.log for detailed error message
