
[2023-07-14T12:00:13.238Z] Getting status...

[2023-07-14T12:00:14.084Z] resolve provider exec is ready.

[2023-07-14T12:00:14.090Z] resolve provider container is ready.

[2023-07-14T12:00:14.097Z] resolve provider pulumi is ready.

[2023-07-14T12:00:14.100Z] resolve provider templated is ready.

[2023-07-14T12:00:14.106Z] resolve provider jib is ready.

[2023-07-14T12:00:15.986Z] Kubernetes: Getting API resource info for group networking.k8s.io/v1

[2023-07-14T12:00:16.877Z] resolve provider kubernetes is ready.

[2023-07-14T12:00:16.881Z] Done (took 3.6 sec)

[2023-07-14T12:00:16.881Z] Resolving actions and modules...

[2023-07-14T12:00:17.016Z] Scanning module spring-boot-publish-image root at /home/workstation/thx/workspace/garden-sample-project/garden-sample-project/spring-boot
  → Includes: ./**/pom.xml,./**/src/**/*,pom.xml
  → Excludes: **/.garden/**/*

[2023-07-14T12:00:17.114Z] Found 3 files in module spring-boot-publish-image root /home/workstation/thx/workspace/garden-sample-project/garden-sample-project/spring-boot

[2023-07-14T12:00:17.193Z] Scanning module spring-boot-service root at /home/workstation/thx/workspace/garden-sample-project/garden-sample-project/spring-boot
  → Includes: ./*/config/*.xml,./*/config/application-gcp-dev.properties,./*/config/application-gcp.properties,./*/secrets/dev/**,./deployment/config/common.yaml,deployment/config/dev.yaml
  → Excludes: spring-boot,**/.garden/**/*

[2023-07-14T12:00:17.268Z] Found 2 files in module spring-boot-service root /home/workstation/thx/workspace/garden-sample-project/garden-sample-project/spring-boot

[2023-07-14T12:00:17.272Z] Converting jib-container module spring-boot-publish-image to actions

[2023-07-14T12:00:17.273Z] Converting pulumi module spring-boot-service to actions

[2023-07-14T12:00:17.276Z] Module spring-boot-service converted to 1 action(s)

[2023-07-14T12:00:17.276Z] Module spring-boot-publish-image converted to 1 action(s)

[2023-07-14T12:00:17.307Z] Scanning Deploy action spring-boot-service root at /home/workstation/thx/workspace/garden-sample-project/garden-sample-project/spring-boot
  → Includes: (none)
  → Excludes: **/.garden/**/*

[2023-07-14T12:00:17.883Z] Found 18 files in Deploy action spring-boot-service root /home/workstation/thx/workspace/garden-sample-project/garden-sample-project/spring-boot

[2023-07-14T12:00:17.887Z] Done (took 1 sec)

[2023-07-14T12:00:19.190Z] resolve Deploy type=pulumi name=spring-boot-service (from module spring-boot-service) is ready.

[2023-07-14T12:00:19.195Z] outdated

[2023-07-14T12:00:19.198Z] Deploying version v-77c10a399a...

[2023-07-14T12:00:19.240Z] Failed (took 0 sec)

[2023-07-14T12:00:19.271Z] Done flushing all events and log entries.

[2023-07-14T12:00:19.323Z] Watcher: Initializing

[2023-07-14T12:00:19.324Z] Watcher: Starting FSWatcher

[2023-07-14T12:00:20.271Z] 

1 deploy action(s) failed!

[2023-07-14T12:00:20.278Z] 
See .garden/error.log for detailed error message
