
[2023-07-14T12:18:24.477Z] Getting status...

[2023-07-14T12:18:25.299Z] resolve provider templated is ready.

[2023-07-14T12:18:25.304Z] resolve provider exec is ready.

[2023-07-14T12:18:25.309Z] resolve provider container is ready.

[2023-07-14T12:18:25.317Z] resolve provider pulumi is ready.

[2023-07-14T12:18:25.333Z] resolve provider jib is ready.

[2023-07-14T12:18:25.344Z] resolve provider kubernetes is ready.

[2023-07-14T12:18:25.348Z] Cached (took 0.9 sec)

[2023-07-14T12:18:25.349Z] Run with --force-refresh to force a refresh of provider statuses.

[2023-07-14T12:18:25.349Z] Resolving actions and modules...

[2023-07-14T12:18:25.531Z] Scanning module spring-boot-image root at /home/workstation/thx/workspace/garden-sample-project/garden-sample-project/spring-boot
  → Includes: ./**/pom.xml,./**/src/**/*,pom.xml
  → Excludes: **/.garden/**/*

[2023-07-14T12:18:25.644Z] Found 3 files in module spring-boot-image root /home/workstation/thx/workspace/garden-sample-project/garden-sample-project/spring-boot

[2023-07-14T12:18:25.759Z] Scanning module spring-boot-service root at /home/workstation/thx/workspace/garden-sample-project/garden-sample-project/spring-boot
  → Includes: ./*/config/*.xml,./*/config/application-gcp-dev.properties,./*/config/application-gcp.properties,./*/secrets/dev/**,./deployment/config/common.yaml,deployment/config/dev.yaml
  → Excludes: spring-boot,**/.garden/**/*

[2023-07-14T12:18:25.839Z] Found 2 files in module spring-boot-service root /home/workstation/thx/workspace/garden-sample-project/garden-sample-project/spring-boot

[2023-07-14T12:18:25.844Z] Converting jib-container module spring-boot-image to actions

[2023-07-14T12:18:25.845Z] Converting pulumi module spring-boot-service to actions

[2023-07-14T12:18:25.848Z] Module spring-boot-service converted to 1 action(s)

[2023-07-14T12:18:25.849Z] Module spring-boot-image converted to 1 action(s)

[2023-07-14T12:18:25.886Z] Scanning Deploy action spring-boot-service root at /home/workstation/thx/workspace/garden-sample-project/garden-sample-project/spring-boot
  → Includes: (none)
  → Excludes: **/.garden/**/*

[2023-07-14T12:18:26.596Z] Found 17 files in Deploy action spring-boot-service root /home/workstation/thx/workspace/garden-sample-project/garden-sample-project/spring-boot

[2023-07-14T12:18:27.534Z] Done (took 2.2 sec)

[2023-07-14T12:18:27.922Z] resolve Deploy type=pulumi name=spring-boot-service (from module spring-boot-service) is ready.

[2023-07-14T12:18:27.926Z] outdated

[2023-07-14T12:18:27.929Z] Deploying version v-7934ab101c...

[2023-07-14T12:18:27.975Z] Failed (took 0 sec)

[2023-07-14T12:18:28.010Z] Done flushing all events and log entries.

[2023-07-14T12:18:28.061Z] Watcher: Initializing

[2023-07-14T12:18:28.061Z] Watcher: Starting FSWatcher

[2023-07-14T12:18:28.996Z] 

1 deploy action(s) failed!

[2023-07-14T12:18:29.002Z] 
See .garden/error.log for detailed error message
