
[2023-07-25T12:56:15.018Z] Error (took 8.9 sec)

[2023-07-25T12:56:17.321Z] 

Failed resolving one or more providers:
- kubernetes

[2023-07-25T12:59:43.694Z] 

Could not find one or more Deploy actions: spring-boot4-service

[2023-07-26T07:51:16.134Z] 

Could not find one or more Deploy actions: spring-boot-service

[2023-07-26T07:59:34.437Z] Failed (took 33.7 sec)

[2023-07-26T07:59:34.509Z] 

Error when applying pulumi stack:
Previewing update (telushealth/dev)

View Live: https://app.pulumi.com/telushealth/thx-sharedServices-spring-boot/dev/previews/6cd070ab-1b33-484d-92c6-b71f00538520

@ Previewing update....

@ Previewing update.....
    pulumi:pulumi:Stack thx-sharedServices-spring-boot-dev running 
@ Previewing update.........
    thx:service:ThxrestService spring-boot  
    pulumi:pulumi:Stack thx-sharedServices-spring-boot-dev running read pulumi:pulumi:StackReference telushealth/thx-gke/dev
@ Previewing update....
    pulumi:pulumi:Stack thx-sharedServices-spring-boot-dev running read pulumi:pulumi:StackReference telushealth/thx-gke/dev
@ Previewing update....
    pulumi:providers:kubernetes k8s  
 ~  kubernetes:apps/v1:Deployment spring-boot update [diff: ~spec]
    pulumi:pulumi:Stack thx-sharedServices-spring-boot-dev  

Resources:
    ~ 1 to update
    3 unchanged

Updating (telushealth/dev)

View Live: https://app.pulumi.com/telushealth/thx-sharedServices-spring-boot/dev/updates/9


@ Updating.....
    pulumi:pulumi:Stack thx-sharedServices-spring-boot-dev running 
@ Updating......
    thx:service:ThxrestService spring-boot  
    pulumi:pulumi:Stack thx-sharedServices-spring-boot-dev running read pulumi:pulumi:StackReference telushealth/thx-gke/dev
@ Updating....
    pulumi:pulumi:Stack thx-sharedServices-spring-boot-dev running read pulumi:pulumi:StackReference telushealth/thx-gke/dev
@ Updating.....
    pulumi:providers:kubernetes k8s  
 ~  kubernetes:apps/v1:Deployment spring-boot updating (0s) [diff: ~spec]
@ Updating......
 ~  kubernetes:apps/v1:Deployment spring-boot updating (3s) [diff: ~spec]; error: update of resource thx/spring-boot failed because the Kubernetes API server reported that it failed to fully initialize or become live: deployments.apps "spring-boot" not found
 ~  kubernetes:apps/v1:Deployment spring-boot **updating failed** [diff: ~spec]; error: update of resource thx/spring-boot failed because the Kubernetes API server reported that it failed to fully initialize or become live: deployments.apps "spring-boot" not found
@ Updating....
    pulumi:pulumi:Stack thx-sharedServices-spring-boot-dev running error: update failed
    pulumi:pulumi:Stack thx-sharedServices-spring-boot-dev **failed** 1 error

Diagnostics:
  pulumi:pulumi:Stack (thx-sharedServices-spring-boot-dev):
    error: update failed

  kubernetes:apps/v1:Deployment (spring-boot):
    error: update of resource thx/spring-boot failed because the Kubernetes API server reported that it failed to fully initialize or become live: deployments.apps "spring-boot" not found

Resources:
    3 unchanged

Duration: 12s



[2023-07-26T07:59:36.051Z] 

1 deploy action(s) failed!

[2023-07-26T08:05:38.231Z] Failed (took 25.6 sec)

[2023-07-26T08:05:38.307Z] 

Error when applying pulumi stack:
Previewing update (telushealth/dev)

View Live: https://app.pulumi.com/telushealth/thx-sharedServices-spring-boot/dev/previews/02cd7d23-72f4-46a3-a622-b96f30190c16


@ Previewing update.....
    pulumi:pulumi:Stack thx-sharedServices-spring-boot-dev running 
@ Previewing update....
    thx:service:ThxrestService spring-boot  
    pulumi:pulumi:Stack thx-sharedServices-spring-boot-dev running read pulumi:pulumi:StackReference telushealth/thx-gke/dev
@ Previewing update....
    pulumi:pulumi:Stack thx-sharedServices-spring-boot-dev running read pulumi:pulumi:StackReference telushealth/thx-gke/dev
@ Previewing update....
    pulumi:providers:kubernetes k8s  
 ~  kubernetes:apps/v1:Deployment spring-boot update [diff: ~spec]
    pulumi:pulumi:Stack thx-sharedServices-spring-boot-dev  

Resources:
    ~ 1 to update
    3 unchanged

Updating (telushealth/dev)

View Live: https://app.pulumi.com/telushealth/thx-sharedServices-spring-boot/dev/updates/10


@ Updating.....
    pulumi:pulumi:Stack thx-sharedServices-spring-boot-dev running 
@ Updating......
    pulumi:pulumi:Stack thx-sharedServices-spring-boot-dev running read pulumi:pulumi:StackReference telushealth/thx-gke/dev
    thx:service:ThxrestService spring-boot  
@ Updating....
    pulumi:pulumi:Stack thx-sharedServices-spring-boot-dev running read pulumi:pulumi:StackReference telushealth/thx-gke/dev
@ Updating....
    pulumi:providers:kubernetes k8s  
 ~  kubernetes:apps/v1:Deployment spring-boot updating (0s) [diff: ~spec]
@ Updating.......
 ~  kubernetes:apps/v1:Deployment spring-boot updating (3s) [diff: ~spec]; error: update of resource thx/spring-boot failed because the Kubernetes API server reported that it failed to fully initialize or become live: deployments.apps "spring-boot" not found
 ~  kubernetes:apps/v1:Deployment spring-boot **updating failed** [diff: ~spec]; error: update of resource thx/spring-boot failed because the Kubernetes API server reported that it failed to fully initialize or become live: deployments.apps "spring-boot" not found
    pulumi:pulumi:Stack thx-sharedServices-spring-boot-dev running error: update failed
    pulumi:pulumi:Stack thx-sharedServices-spring-boot-dev **failed** 1 error

Diagnostics:
  kubernetes:apps/v1:Deployment (spring-boot):
    error: update of resource thx/spring-boot failed because the Kubernetes API server reported that it failed to fully initialize or become live: deployments.apps "spring-boot" not found

  pulumi:pulumi:Stack (thx-sharedServices-spring-boot-dev):
    error: update failed

Resources:
    3 unchanged

Duration: 12s



[2023-07-26T08:05:39.730Z] 

1 deploy action(s) failed!

[2023-07-26T10:16:55.542Z] 

Could not find one or more Deploy actions: spring-boot-service

[2023-07-31T13:45:54.780Z] 

Could not find one or more Deploy actions: spring-boot-9

[2023-07-31T13:51:56.462Z] Failed (took 7.8 sec)

[2023-07-31T13:51:56.519Z] 

Error when applying pulumi stack:
Previewing update (telushealth/dev)

View Live: https://app.pulumi.com/telushealth/thx-sharedServices-spring-boot/dev/previews/50c4a7f7-68f1-4db7-8354-57389d842c50

@ Previewing update....

    pulumi:pulumi:Stack thx-sharedServices-spring-boot-dev  error: It looks like the Pulumi SDK has not been installed. Have you run npm install or yarn install?
    pulumi:pulumi:Stack thx-sharedServices-spring-boot-dev  error: error reading from server: EOF
    pulumi:pulumi:Stack thx-sharedServices-spring-boot-dev  1 error; 1 message

Diagnostics:
  pulumi:pulumi:Stack (thx-sharedServices-spring-boot-dev):
    error: It looks like the Pulumi SDK has not been installed. Have you run npm install or yarn install?

    error: error reading from server: EOF




[2023-07-31T13:51:58.176Z] 

1 deploy action(s) failed!

[2023-08-22T06:42:06.268Z] 

Failed resolving one or more modules:

spring-boot-1-image: Error validating inputs for module spring-boot-1-image (apps/spring-boot-1/spring-boot.garden.yml): value at ./disabled must be boolean

[2023-08-22T06:45:33.540Z] 

Failed resolving one or more modules:

spring-boot-image: Error validating inputs for module spring-boot-image (apps/spring-boot/spring-boot.garden.yml): value at ./disabled must be boolean
